0 info it worked if it ends with ok
1 verbose cli [ 'node', '/usr/local/bin/npm', 'publish' ]
2 info using npm@1.3.11
3 info using node@v0.10.21
4 verbose publish [ '.' ]
5 verbose cache add [ '.', null ]
6 verbose cache add name=undefined spec="." args=[".",null]
7 verbose parsed url { protocol: null,
7 verbose parsed url   slashes: null,
7 verbose parsed url   auth: null,
7 verbose parsed url   host: null,
7 verbose parsed url   port: null,
7 verbose parsed url   hostname: null,
7 verbose parsed url   hash: null,
7 verbose parsed url   search: null,
7 verbose parsed url   query: null,
7 verbose parsed url   pathname: '.',
7 verbose parsed url   path: '.',
7 verbose parsed url   href: '.' }
8 silly lockFile 3a52ce78- .
9 verbose lock . /Users/craig/.npm/3a52ce78-.lock
10 verbose tar pack [ '/var/folders/n1/r96x64mx6jzcbzkbz1ddrw6r0000gn/T/npm-1703-WD76x5bZ/1389312446617-0.7306074681691825/tmp.tgz',
10 verbose tar pack   '.' ]
11 verbose tarball /var/folders/n1/r96x64mx6jzcbzkbz1ddrw6r0000gn/T/npm-1703-WD76x5bZ/1389312446617-0.7306074681691825/tmp.tgz
12 verbose folder .
13 silly lockFile 1f1177db-tar tar://.
14 verbose lock tar://. /Users/craig/.npm/1f1177db-tar.lock
15 silly lockFile 4bb67c1f-46617-0-7306074681691825-tmp-tgz tar:///var/folders/n1/r96x64mx6jzcbzkbz1ddrw6r0000gn/T/npm-1703-WD76x5bZ/1389312446617-0.7306074681691825/tmp.tgz
16 verbose lock tar:///var/folders/n1/r96x64mx6jzcbzkbz1ddrw6r0000gn/T/npm-1703-WD76x5bZ/1389312446617-0.7306074681691825/tmp.tgz /Users/craig/.npm/4bb67c1f-46617-0-7306074681691825-tmp-tgz.lock
17 silly lockFile 1f1177db-tar tar://.
18 silly lockFile 1f1177db-tar tar://.
19 silly lockFile 4bb67c1f-46617-0-7306074681691825-tmp-tgz tar:///var/folders/n1/r96x64mx6jzcbzkbz1ddrw6r0000gn/T/npm-1703-WD76x5bZ/1389312446617-0.7306074681691825/tmp.tgz
20 silly lockFile 4bb67c1f-46617-0-7306074681691825-tmp-tgz tar:///var/folders/n1/r96x64mx6jzcbzkbz1ddrw6r0000gn/T/npm-1703-WD76x5bZ/1389312446617-0.7306074681691825/tmp.tgz
21 verbose tar unpack /var/folders/n1/r96x64mx6jzcbzkbz1ddrw6r0000gn/T/npm-1703-WD76x5bZ/1389312446617-0.7306074681691825/tmp.tgz
22 silly lockFile 2a8bd253-46617-0-7306074681691825-package tar:///var/folders/n1/r96x64mx6jzcbzkbz1ddrw6r0000gn/T/npm-1703-WD76x5bZ/1389312446617-0.7306074681691825/package
23 verbose lock tar:///var/folders/n1/r96x64mx6jzcbzkbz1ddrw6r0000gn/T/npm-1703-WD76x5bZ/1389312446617-0.7306074681691825/package /Users/craig/.npm/2a8bd253-46617-0-7306074681691825-package.lock
24 silly lockFile 4bb67c1f-46617-0-7306074681691825-tmp-tgz tar:///var/folders/n1/r96x64mx6jzcbzkbz1ddrw6r0000gn/T/npm-1703-WD76x5bZ/1389312446617-0.7306074681691825/tmp.tgz
25 verbose lock tar:///var/folders/n1/r96x64mx6jzcbzkbz1ddrw6r0000gn/T/npm-1703-WD76x5bZ/1389312446617-0.7306074681691825/tmp.tgz /Users/craig/.npm/4bb67c1f-46617-0-7306074681691825-tmp-tgz.lock
26 silly gunzTarPerm modes [ '755', '644' ]
27 silly gunzTarPerm extractEntry package.json
28 silly gunzTarPerm extractEntry .npmignore
29 silly gunzTarPerm extractEntry README.md
30 silly gunzTarPerm extractEntry lib/index.js
31 silly gunzTarPerm extractEntry makefile
32 silly gunzTarPerm extractEntry src/index.coffee
33 silly lockFile 2a8bd253-46617-0-7306074681691825-package tar:///var/folders/n1/r96x64mx6jzcbzkbz1ddrw6r0000gn/T/npm-1703-WD76x5bZ/1389312446617-0.7306074681691825/package
34 silly lockFile 2a8bd253-46617-0-7306074681691825-package tar:///var/folders/n1/r96x64mx6jzcbzkbz1ddrw6r0000gn/T/npm-1703-WD76x5bZ/1389312446617-0.7306074681691825/package
35 silly lockFile 4bb67c1f-46617-0-7306074681691825-tmp-tgz tar:///var/folders/n1/r96x64mx6jzcbzkbz1ddrw6r0000gn/T/npm-1703-WD76x5bZ/1389312446617-0.7306074681691825/tmp.tgz
36 silly lockFile 4bb67c1f-46617-0-7306074681691825-tmp-tgz tar:///var/folders/n1/r96x64mx6jzcbzkbz1ddrw6r0000gn/T/npm-1703-WD76x5bZ/1389312446617-0.7306074681691825/tmp.tgz
37 verbose tar pack [ '/Users/craig/.npm/bindable-decor-bindings/0.1.1/package.tgz',
37 verbose tar pack   '/var/folders/n1/r96x64mx6jzcbzkbz1ddrw6r0000gn/T/npm-1703-WD76x5bZ/1389312446617-0.7306074681691825/package' ]
38 verbose tarball /Users/craig/.npm/bindable-decor-bindings/0.1.1/package.tgz
39 verbose folder /var/folders/n1/r96x64mx6jzcbzkbz1ddrw6r0000gn/T/npm-1703-WD76x5bZ/1389312446617-0.7306074681691825/package
40 silly lockFile 2a8bd253-46617-0-7306074681691825-package tar:///var/folders/n1/r96x64mx6jzcbzkbz1ddrw6r0000gn/T/npm-1703-WD76x5bZ/1389312446617-0.7306074681691825/package
41 verbose lock tar:///var/folders/n1/r96x64mx6jzcbzkbz1ddrw6r0000gn/T/npm-1703-WD76x5bZ/1389312446617-0.7306074681691825/package /Users/craig/.npm/2a8bd253-46617-0-7306074681691825-package.lock
42 silly lockFile f02b7fb6-decor-bindings-0-1-1-package-tgz tar:///Users/craig/.npm/bindable-decor-bindings/0.1.1/package.tgz
43 verbose lock tar:///Users/craig/.npm/bindable-decor-bindings/0.1.1/package.tgz /Users/craig/.npm/f02b7fb6-decor-bindings-0-1-1-package-tgz.lock
44 silly lockFile 2a8bd253-46617-0-7306074681691825-package tar:///var/folders/n1/r96x64mx6jzcbzkbz1ddrw6r0000gn/T/npm-1703-WD76x5bZ/1389312446617-0.7306074681691825/package
45 silly lockFile 2a8bd253-46617-0-7306074681691825-package tar:///var/folders/n1/r96x64mx6jzcbzkbz1ddrw6r0000gn/T/npm-1703-WD76x5bZ/1389312446617-0.7306074681691825/package
46 silly lockFile f02b7fb6-decor-bindings-0-1-1-package-tgz tar:///Users/craig/.npm/bindable-decor-bindings/0.1.1/package.tgz
47 silly lockFile f02b7fb6-decor-bindings-0-1-1-package-tgz tar:///Users/craig/.npm/bindable-decor-bindings/0.1.1/package.tgz
48 silly lockFile 4383872f-ble-decor-bindings-0-1-1-package /Users/craig/.npm/bindable-decor-bindings/0.1.1/package
49 verbose lock /Users/craig/.npm/bindable-decor-bindings/0.1.1/package /Users/craig/.npm/4383872f-ble-decor-bindings-0-1-1-package.lock
50 silly lockFile 4383872f-ble-decor-bindings-0-1-1-package /Users/craig/.npm/bindable-decor-bindings/0.1.1/package
51 silly lockFile 4383872f-ble-decor-bindings-0-1-1-package /Users/craig/.npm/bindable-decor-bindings/0.1.1/package
52 verbose tar unpack /Users/craig/.npm/bindable-decor-bindings/0.1.1/package.tgz
53 silly lockFile f002356e-ble-decor-bindings-0-1-1-package tar:///Users/craig/.npm/bindable-decor-bindings/0.1.1/package
54 verbose lock tar:///Users/craig/.npm/bindable-decor-bindings/0.1.1/package /Users/craig/.npm/f002356e-ble-decor-bindings-0-1-1-package.lock
55 silly lockFile f02b7fb6-decor-bindings-0-1-1-package-tgz tar:///Users/craig/.npm/bindable-decor-bindings/0.1.1/package.tgz
56 verbose lock tar:///Users/craig/.npm/bindable-decor-bindings/0.1.1/package.tgz /Users/craig/.npm/f02b7fb6-decor-bindings-0-1-1-package-tgz.lock
57 silly gunzTarPerm modes [ '755', '644' ]
58 silly gunzTarPerm extractEntry package.json
59 silly gunzTarPerm extractEntry .npmignore
60 silly gunzTarPerm extractEntry README.md
61 silly gunzTarPerm extractEntry lib/index.js
62 silly gunzTarPerm extractEntry makefile
63 silly gunzTarPerm extractEntry src/index.coffee
64 silly lockFile f002356e-ble-decor-bindings-0-1-1-package tar:///Users/craig/.npm/bindable-decor-bindings/0.1.1/package
65 silly lockFile f002356e-ble-decor-bindings-0-1-1-package tar:///Users/craig/.npm/bindable-decor-bindings/0.1.1/package
66 silly lockFile f02b7fb6-decor-bindings-0-1-1-package-tgz tar:///Users/craig/.npm/bindable-decor-bindings/0.1.1/package.tgz
67 silly lockFile f02b7fb6-decor-bindings-0-1-1-package-tgz tar:///Users/craig/.npm/bindable-decor-bindings/0.1.1/package.tgz
68 verbose chmod /Users/craig/.npm/bindable-decor-bindings/0.1.1/package.tgz 644
69 verbose chown /Users/craig/.npm/bindable-decor-bindings/0.1.1/package.tgz [ 501, 20 ]
70 silly lockFile 3a52ce78- .
71 silly lockFile 3a52ce78- .
72 silly publish { name: 'bindable-decor-bindings',
72 silly publish   version: '0.1.1',
72 silly publish   description: 'bindable-decor-bindings =======================',
72 silly publish   main: './lib/index.js',
72 silly publish   scripts: { test: 'echo "Error: no test specified" && exit 1' },
72 silly publish   repository:
72 silly publish    { type: 'git',
72 silly publish      url: 'git://github.com/classdojo/bindable-decor-bindings.git' },
72 silly publish   author: '',
72 silly publish   license: 'BSD',
72 silly publish   readmeFilename: 'README.md',
72 silly publish   gitHead: '38d103ba25d6cecce43cf94a0ba237b1cfea1c75',
72 silly publish   dependencies: { traverse: '~0.6.6', disposable: '0.0.5' },
72 silly publish   readme: 'used to compute properties for bindable objects. Primarily used in [mojo.js](/classdojo/mojo.js)\n\n\n### Installation\n\n```coffeescript\ndecor = require("bindable-decor")()\n\n//register the decorator, along with the event to listen to when applying the bindings\ndecor.use(require("bindable-decor-bindings")("render"))\n```\n',
72 silly publish   bugs: { url: 'https://github.com/classdojo/bindable-decor-bindings/issues' },
72 silly publish   _id: 'bindable-decor-bindings@0.1.1',
72 silly publish   dist: { shasum: '92adcfb2de8333d1de5bd31b3db7e1820c3b48ab' },
72 silly publish   _from: '.' }
73 verbose url raw bindable-decor-bindings
74 verbose url resolving [ 'http://registry.npmjs.org/', './bindable-decor-bindings' ]
75 verbose url resolved http://registry.npmjs.org/bindable-decor-bindings
76 info trying registry request attempt 1 at 16:07:26
77 http PUT http://registry.npmjs.org/bindable-decor-bindings
78 http 409 http://registry.npmjs.org/bindable-decor-bindings
79 verbose url raw bindable-decor-bindings
80 verbose url resolving [ 'http://registry.npmjs.org/', './bindable-decor-bindings' ]
81 verbose url resolved http://registry.npmjs.org/bindable-decor-bindings
82 info trying registry request attempt 1 at 16:07:27
83 http GET http://registry.npmjs.org/bindable-decor-bindings
84 http 200 http://registry.npmjs.org/bindable-decor-bindings
85 error publish fail Cannot publish over existing version.
85 error publish fail Update the 'version' field in package.json and try again.
85 error publish fail
85 error publish fail If the previous version was published in error, see:
85 error publish fail     npm help unpublish
85 error publish fail
85 error publish fail To automatically increment version numbers, see:
85 error publish fail     npm help version
86 error System Darwin 13.0.0
87 error command "node" "/usr/local/bin/npm" "publish"
88 error cwd /Users/craig/Developer/Public/bindable-decor-bindings
89 error node -v v0.10.21
90 error npm -v 1.3.11
91 error code EPUBLISHCONFLICT
92 verbose exit [ 1, true ]
